#
# There is insufficient memory for the Java Runtime Environment to continue.
# Native memory allocation (malloc) failed to allocate 1048576 bytes for AllocateHeap
# Possible reasons:
#   The system is out of physical RAM or swap space
#   The process is running with CompressedOops enabled, and the Java Heap may be blocking the growth of the native heap
# Possible solutions:
#   Reduce memory load on the system
#   Increase physical memory or swap space
#   Check if swap backing store is full
#   Decrease Java heap size (-Xmx/-Xms)
#   Decrease number of Java threads
#   Decrease Java thread stack sizes (-Xss)
#   Set larger code cache with -XX:ReservedCodeCacheSize=
#   JVM is running with Unscaled Compressed Oops mode in which the Java heap is
#     placed in the first 4GB address space. The Java Heap base address is the
#     maximum limit for the native heap growth. Please use -XX:HeapBaseMinAddress
#     to set the Java Heap base and to place the Java Heap above 4GB virtual address.
# This output file may be truncated or incomplete.
#
#  Out of Memory Error (t:/workspace/open/src/hotspot/share/memory/allocation.cpp:45), pid=12000, tid=9344
#
# JRE version: Java(TM) SE Runtime Environment (13.0.1+9) (build 13.0.1+9)
# Java VM: Java HotSpot(TM) 64-Bit Server VM (13.0.1+9, mixed mode, sharing, tiered, compressed oops, g1 gc, windows-amd64)
# No core dump will be written. Minidumps are not enabled by default on client versions of Windows
#

---------------  S U M M A R Y ------------

Command Line: -XX:TieredStopAtLevel=1 -Xverify:none -Dspring.output.ansi.enabled=always -Dcom.sun.management.jmxremote -Dspring.jmx.enabled=true -Dspring.liveBeansView.mbeanDomain -Dspring.application.admin.enabled=true -javaagent:D:\IntelliJ IDEA 2019.2.4\lib\idea_rt.jar=53563:D:\IntelliJ IDEA 2019.2.4\bin -Dfile.encoding=UTF-8 Application

Host: Intel(R) Core(TM) i3-7020U CPU @ 2.30GHz, 4 cores, 7G,  Windows 10 , 64 bit Build 15063 (10.0.15063.296)
Time: Mon Oct 12 01:21:22 2020 Ainoi?iay Aa?iia (eaoi) elapsed time: 24676 seconds (0d 6h 51m 16s)

---------------  T H R E A D  ---------------

Current thread (0x00000233c3455000):  VMThread "VM Thread" [stack: 0x000000ed35f00000,0x000000ed36000000] [id=9344]

Stack: [0x000000ed35f00000,0x000000ed36000000]
[error occurred during error reporting (printing stack bounds), id 0xc0000005, EXCEPTION_ACCESS_VIOLATION (0xc0000005) at pc=0x00000233ad1310ad]

Native frames: (J=compiled Java code, j=interpreted, Vv=VM code, C=native code)
V  [jvm.dll+0x626eca]
V  [jvm.dll+0x772c6a]
V  [jvm.dll+0x77441f]
V  [jvm.dll+0x774985]
V  [jvm.dll+0x77493b]
V  [jvm.dll+0x6266ff]
C  [ntdll.dll+0x6eb78]
C  [ntdll.dll+0x1995b]
C  [ntdll.dll+0xa910e]
C  0x00000233ad1310ad

VM_Operation (0x000000ed38efecc0): CollectForMetadataAllocation, mode: safepoint, requested by thread 0x00000233c52e6000


---------------  P R O C E S S  ---------------

Threads class SMR info:
_java_thread_list=0x00000233c485a6e0, length=31, elements={
0x00000233c3459000, 0x00000233c345c800, 0x00000233c347b800, 0x00000233c347d800,
0x00000233c347f000, 0x00000233c3481000, 0x00000233c343d000, 0x00000233c413f000,
0x00000233c4140000, 0x00000233c4634800, 0x00000233c49a3800, 0x00000233c52e4800,
0x00000233c52e5800, 0x00000233c52e8800, 0x00000233c52e7800, 0x00000233c52ea000,
0x00000233c52e6000, 0x00000233c52eb000, 0x00000233c3e40800, 0x00000233c3e43000,
0x00000233c3e40000, 0x00000233c3e44000, 0x00000233c3e41800, 0x00000233c3e42800,
0x00000233c3e3f000, 0x00000233c3e3e800, 0x00000233c3e49000, 0x00000233c3e45800,
0x00000233c3e47800, 0x00000233c3e45000, 0x00000233c3e4c000
}

Java Threads: ( => current thread )
  0x00000233c3459000 JavaThread "Reference Handler" daemon [_thread_blocked, id=10332, stack(0x000000ed36000000,0x000000ed36100000)]
  0x00000233c345c800 JavaThread "Finalizer" daemon [_thread_blocked, id=8088, stack(0x000000ed36100000,0x000000ed36200000)]
  0x00000233c347b800 JavaThread "Signal Dispatcher" daemon [_thread_blocked, id=2316, stack(0x000000ed36200000,0x000000ed36300000)]
  0x00000233c347d800 JavaThread "Attach Listener" daemon [_thread_blocked, id=1616, stack(0x000000ed36300000,0x000000ed36400000)]
  0x00000233c347f000 JavaThread "C1 CompilerThread0" daemon [_thread_blocked, id=204, stack(0x000000ed36400000,0x000000ed36500000)]
  0x00000233c3481000 JavaThread "Sweeper thread" daemon [_thread_blocked, id=10844, stack(0x000000ed36500000,0x000000ed36600000)]
  0x00000233c343d000 JavaThread "Common-Cleaner" daemon [_thread_blocked, id=7432, stack(0x000000ed36600000,0x000000ed36700000)]
  0x00000233c413f000 JavaThread "Monitor Ctrl-Break" daemon [_thread_in_native, id=10476, stack(0x000000ed36700000,0x000000ed36800000)]
  0x00000233c4140000 JavaThread "Service Thread" daemon [_thread_blocked, id=1880, stack(0x000000ed36800000,0x000000ed36900000)]
  0x00000233c4634800 JavaThread "RMI TCP Accept-0" daemon [_thread_in_native, id=10640, stack(0x000000ed36900000,0x000000ed36a00000)]
  0x00000233c49a3800 JavaThread "RMI Scheduler(0)" daemon [_thread_blocked, id=3968, stack(0x000000ed37400000,0x000000ed37500000)]
  0x00000233c52e4800 JavaThread "Catalina-utility-1" [_thread_blocked, id=10804, stack(0x000000ed38100000,0x000000ed38200000)]
  0x00000233c52e5800 JavaThread "Catalina-utility-2" [_thread_blocked, id=1216, stack(0x000000ed38200000,0x000000ed38300000)]
  0x00000233c52e8800 JavaThread "container-0" [_thread_blocked, id=10608, stack(0x000000ed38300000,0x000000ed38400000)]
  0x00000233c52e7800 JavaThread "HikariPool-1 housekeeper" daemon [_thread_blocked, id=10940, stack(0x000000ed38700000,0x000000ed38800000)]
  0x00000233c52ea000 JavaThread "Live Reload Server" daemon [_thread_in_native, id=12196, stack(0x000000ed38c00000,0x000000ed38d00000)]
  0x00000233c52e6000 JavaThread "File Watcher" daemon [_thread_blocked, id=3172, stack(0x000000ed38e00000,0x000000ed38f00000)]
  0x00000233c52eb000 JavaThread "http-nio-8080-BlockPoller" daemon [_thread_in_native, id=7900, stack(0x000000ed38f00000,0x000000ed39000000)]
  0x00000233c3e40800 JavaThread "http-nio-8080-exec-1" daemon [_thread_blocked, id=8612, stack(0x000000ed39000000,0x000000ed39100000)]
  0x00000233c3e43000 JavaThread "http-nio-8080-exec-2" daemon [_thread_blocked, id=952, stack(0x000000ed39100000,0x000000ed39200000)]
  0x00000233c3e40000 JavaThread "http-nio-8080-exec-3" daemon [_thread_blocked, id=12208, stack(0x000000ed39200000,0x000000ed39300000)]
  0x00000233c3e44000 JavaThread "http-nio-8080-exec-4" daemon [_thread_blocked, id=11228, stack(0x000000ed39300000,0x000000ed39400000)]
  0x00000233c3e41800 JavaThread "http-nio-8080-exec-5" daemon [_thread_blocked, id=11224, stack(0x000000ed39400000,0x000000ed39500000)]
  0x00000233c3e42800 JavaThread "http-nio-8080-exec-6" daemon [_thread_blocked, id=10604, stack(0x000000ed39500000,0x000000ed39600000)]
  0x00000233c3e3f000 JavaThread "http-nio-8080-exec-7" daemon [_thread_blocked, id=11424, stack(0x000000ed39600000,0x000000ed39700000)]
  0x00000233c3e3e800 JavaThread "http-nio-8080-exec-8" daemon [_thread_blocked, id=11596, stack(0x000000ed39700000,0x000000ed39800000)]
  0x00000233c3e49000 JavaThread "http-nio-8080-exec-9" daemon [_thread_blocked, id=344, stack(0x000000ed39800000,0x000000ed39900000)]
  0x00000233c3e45800 JavaThread "http-nio-8080-exec-10" daemon [_thread_blocked, id=10288, stack(0x000000ed39900000,0x000000ed39a00000)]
  0x00000233c3e47800 JavaThread "http-nio-8080-ClientPoller" daemon [_thread_in_native, id=9032, stack(0x000000ed39a00000,0x000000ed39b00000)]
  0x00000233c3e45000 JavaThread "http-nio-8080-Acceptor" daemon [_thread_in_native, id=1932, stack(0x000000ed39c00000,0x000000ed39d00000)]
  0x00000233c3e4c000 JavaThread "DestroyJavaVM" [_thread_blocked, id=12024, stack(0x000000ed35900000,0x000000ed35a00000)]

Other Threads:
=>0x00000233c3455000 VMThread "VM Thread" [stack: 0x000000ed35f00000,0x000000ed36000000] [id=9344]
  0x00000233c4641800 WatcherThread [stack: 0x000000ed36a00000,0x000000ed36b00000] [id=11316]
  0x00000233a4c79800 GCTaskThread "GC Thread#0" [stack: 0x000000ed35a00000,0x000000ed35b00000] [id=5432]
  0x00000233c46e7800 GCTaskThread "GC Thread#1" [stack: 0x000000ed36c00000,0x000000ed36d00000] [id=6700]
  0x00000233c47e1000 GCTaskThread "GC Thread#2" [stack: 0x000000ed36d00000,0x000000ed36e00000] [id=10944]
  0x00000233c4b91000 GCTaskThread "GC Thread#3" [stack: 0x000000ed37900000,0x000000ed37a00000] [id=11312]
  0x00000233a4c8d000 ConcurrentGCThread "G1 Main Marker" [stack: 0x000000ed35b00000,0x000000ed35c00000] [id=11432]
  0x00000233a4c8e800 ConcurrentGCThread "G1 Conc#0" [stack: 0x000000ed35c00000,0x000000ed35d00000] [id=9964]
  0x00000233c32d1800 ConcurrentGCThread "G1 Refine#0" [stack: 0x000000ed35d00000,0x000000ed35e00000] [id=6056]
  0x00000233c3fe7800 ConcurrentGCThread "G1 Refine#1" [stack: 0x000000ed36f00000,0x000000ed37000000] [id=10952]
  0x00000233c32d2800 ConcurrentGCThread "G1 Young RemSet Sampling" [stack: 0x000000ed35e00000,0x000000ed35f00000] [id=11252]

Threads with active compile tasks:

VM state:at safepoint (normal execution)

VM Mutex/Monitor currently owned by a thread:  ([mutex/lock_event])
[0x00000233a4c31bb0] Threads_lock - owner thread: 0x00000233c3455000
[0x00000233a4c31cd0] Heap_lock - owner thread: 0x00000233c52e6000

OutOfMemory and StackOverflow Exception counts:
StackOverflowErrors=1
LinkageErrors=56

Heap address: 0x0000000081e00000, size: 2018 MB, Compressed Oops mode: 32-bit
Narrow klass base: 0x0000000800000000, Narrow klass shift: 3
Compressed class space size: 1073741824 Address: 0x0000000800b40000

Heap:
 garbage-first heap   total 86016K, used 24536K [0x0000000081e00000, 0x0000000100000000)
  region size 1024K, 1 young (1024K), 1 survivors (1024K)
 Metaspace       used 50232K, capacity 51701K, committed 51832K, reserved 1101824K
  class space    used 6962K, capacity 7533K, committed 7628K, reserved 1048576K
Heap Regions: E=young(eden), S=young(survivor), O=old, HS=humongous(starts), HC=humongous(continues), CS=collection set, F=free, A=archive, TAMS=top-at-mark-start (previous, next)
|   0|0x0000000081e00000, 0x0000000081f00000, 0x0000000081f00000|100%|HS|  |TAMS 0x0000000081f00000, 0x0000000081f00000| Complete 
|   1|0x0000000081f00000, 0x0000000082000000, 0x0000000082000000|100%| O|  |TAMS 0x0000000082000000, 0x0000000082000000| Untracked 
|   2|0x0000000082000000, 0x0000000082100000, 0x0000000082100000|100%| O|  |TAMS 0x0000000082100000, 0x0000000082100000| Untracked 
|   3|0x0000000082100000, 0x0000000082200000, 0x0000000082200000|100%| O|  |TAMS 0x0000000082200000, 0x0000000082200000| Untracked 
|   4|0x0000000082200000, 0x0000000082300000, 0x0000000082300000|100%| O|  |TAMS 0x0000000082300000, 0x0000000082300000| Untracked 
|   5|0x0000000082300000, 0x0000000082400000, 0x0000000082400000|100%| O|  |TAMS 0x0000000082400000, 0x0000000082400000| Untracked 
|   6|0x0000000082400000, 0x000000008248ba00, 0x0000000082500000| 54%| O|  |TAMS 0x000000008248ba00, 0x000000008248ba00| Untracked 
|   7|0x0000000082500000, 0x0000000082600000, 0x0000000082600000|100%| O|  |TAMS 0x0000000082600000, 0x0000000082600000| Untracked 
|   8|0x0000000082600000, 0x0000000082700000, 0x0000000082700000|100%| O|  |TAMS 0x0000000082700000, 0x0000000082700000| Untracked 
|   9|0x0000000082700000, 0x0000000082800000, 0x0000000082800000|100%| O|  |TAMS 0x0000000082800000, 0x0000000082800000| Untracked 
|  10|0x0000000082800000, 0x0000000082900000, 0x0000000082900000|100%| O|  |TAMS 0x0000000082900000, 0x0000000082900000| Untracked 
|  11|0x0000000082900000, 0x0000000082a00000, 0x0000000082a00000|100%| O|  |TAMS 0x0000000082a00000, 0x0000000082a00000| Untracked 
|  12|0x0000000082a00000, 0x0000000082b00000, 0x0000000082b00000|100%| O|  |TAMS 0x0000000082b00000, 0x0000000082b00000| Untracked 
|  13|0x0000000082b00000, 0x0000000082c00000, 0x0000000082c00000|100%| O|  |TAMS 0x0000000082b45400, 0x0000000082c00000| Untracked 
|  14|0x0000000082c00000, 0x0000000082c9ee00, 0x0000000082d00000| 62%| O|  |TAMS 0x0000000082c00000, 0x0000000082c9ee00| Untracked 
|  15|0x0000000082d00000, 0x0000000082e00000, 0x0000000082e00000|100%| O|  |TAMS 0x0000000082d00000, 0x0000000082e00000| Untracked 
|  16|0x0000000082e00000, 0x0000000082f00000, 0x0000000082f00000|100%| O|  |TAMS 0x0000000082e00000, 0x0000000082f00000| Untracked 
|  17|0x0000000082f00000, 0x0000000083000000, 0x0000000083000000|100%| O|  |TAMS 0x0000000082f00000, 0x0000000083000000| Untracked 
|  18|0x0000000083000000, 0x0000000083100000, 0x0000000083100000|100%| O|  |TAMS 0x0000000083000000, 0x0000000083100000| Untracked 
|  19|0x0000000083100000, 0x0000000083200000, 0x0000000083200000|100%| O|  |TAMS 0x0000000083100000, 0x0000000083200000| Untracked 
|  20|0x0000000083200000, 0x0000000083300000, 0x0000000083300000|100%| O|  |TAMS 0x0000000083200000, 0x0000000083300000| Untracked 
|  21|0x0000000083300000, 0x0000000083400000, 0x0000000083400000|100%| O|  |TAMS 0x0000000083300000, 0x0000000083400000| Untracked 
|  22|0x0000000083400000, 0x0000000083500000, 0x0000000083500000|100%| O|  |TAMS 0x0000000083400000, 0x0000000083500000| Untracked 
|  23|0x0000000083500000, 0x00000000835cb800, 0x0000000083600000| 79%| O|  |TAMS 0x0000000083500000, 0x00000000835cb800| Untracked 
|  24|0x0000000083600000, 0x0000000083600000, 0x0000000083700000|  0%| F|  |TAMS 0x0000000083600000, 0x0000000083600000| Untracked 
|  25|0x0000000083700000, 0x0000000083700000, 0x0000000083800000|  0%| F|  |TAMS 0x0000000083700000, 0x0000000083700000| Untracked 
|  26|0x0000000083800000, 0x0000000083800000, 0x0000000083900000|  0%| F|  |TAMS 0x0000000083800000, 0x0000000083800000| Untracked 
|  27|0x0000000083900000, 0x0000000083900000, 0x0000000083a00000|  0%| F|  |TAMS 0x0000000083900000, 0x0000000083900000| Untracked 
|  28|0x0000000083a00000, 0x0000000083a00000, 0x0000000083b00000|  0%| F|  |TAMS 0x0000000083a00000, 0x0000000083a00000| Untracked 
|  29|0x0000000083b00000, 0x0000000083b00000, 0x0000000083c00000|  0%| F|  |TAMS 0x0000000083b00000, 0x0000000083b00000| Untracked 
|  30|0x0000000083c00000, 0x0000000083c00000, 0x0000000083d00000|  0%| F|  |TAMS 0x0000000083c00000, 0x0000000083c00000| Untracked 
|  31|0x0000000083d00000, 0x0000000083d00000, 0x0000000083e00000|  0%| F|  |TAMS 0x0000000083d00000, 0x0000000083d00000| Untracked 
|  32|0x0000000083e00000, 0x0000000083e00000, 0x0000000083f00000|  0%| F|  |TAMS 0x0000000083e00000, 0x0000000083e00000| Untracked 
|  33|0x0000000083f00000, 0x0000000083f00000, 0x0000000084000000|  0%| F|  |TAMS 0x0000000083f00000, 0x0000000083f00000| Untracked 
|  34|0x0000000084000000, 0x0000000084000000, 0x0000000084100000|  0%| F|  |TAMS 0x0000000084000000, 0x0000000084000000| Untracked 
|  35|0x0000000084100000, 0x0000000084100000, 0x0000000084200000|  0%| F|  |TAMS 0x0000000084100000, 0x0000000084100000| Untracked 
|  36|0x0000000084200000, 0x0000000084200000, 0x0000000084300000|  0%| F|  |TAMS 0x0000000084200000, 0x0000000084200000| Untracked 
|  37|0x0000000084300000, 0x0000000084300000, 0x0000000084400000|  0%| F|  |TAMS 0x0000000084300000, 0x0000000084300000| Untracked 
|  38|0x0000000084400000, 0x0000000084400000, 0x0000000084500000|  0%| F|  |TAMS 0x0000000084400000, 0x0000000084400000| Untracked 
|  39|0x0000000084500000, 0x0000000084500000, 0x0000000084600000|  0%| F|  |TAMS 0x0000000084500000, 0x0000000084500000| Untracked 
|  40|0x0000000084600000, 0x0000000084600000, 0x0000000084700000|  0%| F|  |TAMS 0x0000000084600000, 0x0000000084600000| Untracked 
|  41|0x0000000084700000, 0x0000000084700000, 0x0000000084800000|  0%| F|  |TAMS 0x0000000084700000, 0x0000000084700000| Untracked 
|  42|0x0000000084800000, 0x0000000084800000, 0x0000000084900000|  0%| F|  |TAMS 0x0000000084800000, 0x0000000084800000| Untracked 
|  43|0x0000000084900000, 0x0000000084900000, 0x0000000084a00000|  0%| F|  |TAMS 0x0000000084900000, 0x0000000084900000| Untracked 
|  44|0x0000000084a00000, 0x0000000084a00000, 0x0000000084b00000|  0%| F|  |TAMS 0x0000000084a00000, 0x0000000084a00000| Untracked 
|  45|0x0000000084b00000, 0x0000000084b00000, 0x0000000084c00000|  0%| F|  |TAMS 0x0000000084b00000, 0x0000000084b00000| Untracked 
|  46|0x0000000084c00000, 0x0000000084c00000, 0x0000000084d00000|  0%| F|  |TAMS 0x0000000084c00000, 0x0000000084c00000| Untracked 
|  47|0x0000000084d00000, 0x0000000084d00000, 0x0000000084e00000|  0%| F|  |TAMS 0x0000000084d00000, 0x0000000084d00000| Untracked 
|  48|0x0000000084e00000, 0x0000000084e00000, 0x0000000084f00000|  0%| F|  |TAMS 0x0000000084e00000, 0x0000000084e00000| Untracked 
|  49|0x0000000084f00000, 0x0000000084f00000, 0x0000000085000000|  0%| F|  |TAMS 0x0000000084f00000, 0x0000000084f00000| Untracked 
|  50|0x0000000085000000, 0x0000000085000000, 0x0000000085100000|  0%| F|  |TAMS 0x0000000085000000, 0x0000000085000000| Untracked 
|  51|0x0000000085100000, 0x0000000085100000, 0x0000000085200000|  0%| F|  |TAMS 0x0000000085100000, 0x0000000085100000| Untracked 
|  52|0x0000000085200000, 0x0000000085200000, 0x0000000085300000|  0%| F|  |TAMS 0x0000000085200000, 0x0000000085200000| Untracked 
|  53|0x0000000085300000, 0x0000000085300000, 0x0000000085400000|  0%| F|  |TAMS 0x0000000085300000, 0x0000000085300000| Untracked 
|  54|0x0000000085400000, 0x0000000085400000, 0x0000000085500000|  0%| F|  |TAMS 0x0000000085400000, 0x0000000085400000| Untracked 
|  55|0x0000000085500000, 0x0000000085500000, 0x0000000085600000|  0%| F|  |TAMS 0x0000000085500000, 0x0000000085500000| Untracked 
|  56|0x0000000085600000, 0x0000000085600000, 0x0000000085700000|  0%| F|  |TAMS 0x0000000085600000, 0x0000000085600000| Untracked 
|  57|0x0000000085700000, 0x0000000085700000, 0x0000000085800000|  0%| F|  |TAMS 0x0000000085700000, 0x0000000085700000| Untracked 
|  58|0x0000000085800000, 0x0000000085800000, 0x0000000085900000|  0%| F|  |TAMS 0x0000000085800000, 0x0000000085800000| Untracked 
|  59|0x0000000085900000, 0x0000000085900000, 0x0000000085a00000|  0%| F|  |TAMS 0x0000000085900000, 0x0000000085900000| Untracked 
|  60|0x0000000085a00000, 0x0000000085a00000, 0x0000000085b00000|  0%| F|  |TAMS 0x0000000085a00000, 0x0000000085a00000| Untracked 
|  61|0x0000000085b00000, 0x0000000085b00000, 0x0000000085c00000|  0%| F|  |TAMS 0x0000000085b00000, 0x0000000085b00000| Untracked 
|  62|0x0000000085c00000, 0x0000000085c00000, 0x0000000085d00000|  0%| F|  |TAMS 0x0000000085c00000, 0x0000000085c00000| Untracked 
|  63|0x0000000085d00000, 0x0000000085d00000, 0x0000000085e00000|  0%| F|  |TAMS 0x0000000085d00000, 0x0000000085d00000| Untracked 
|  64|0x0000000085e00000, 0x0000000085e00000, 0x0000000085f00000|  0%| F|  |TAMS 0x0000000085e00000, 0x0000000085e00000| Untracked 
|  65|0x0000000085f00000, 0x0000000085f00000, 0x0000000086000000|  0%| F|  |TAMS 0x0000000085f00000, 0x0000000085f00000| Untracked 
|  66|0x0000000086000000, 0x0000000086000000, 0x0000000086100000|  0%| F|  |TAMS 0x0000000086000000, 0x0000000086000000| Untracked 
|  67|0x0000000086100000, 0x0000000086100000, 0x0000000086200000|  0%| F|  |TAMS 0x0000000086100000, 0x0000000086100000| Untracked 
|  68|0x0000000086200000, 0x0000000086200000, 0x0000000086300000|  0%| F|  |TAMS 0x0000000086200000, 0x0000000086200000| Untracked 
|  69|0x0000000086300000, 0x0000000086300000, 0x0000000086400000|  0%| F|  |TAMS 0x0000000086300000, 0x0000000086300000| Untracked 
|  70|0x0000000086400000, 0x0000000086400000, 0x0000000086500000|  0%| F|  |TAMS 0x0000000086400000, 0x0000000086400000| Untracked 
|  71|0x0000000086500000, 0x0000000086500000, 0x0000000086600000|  0%| F|  |TAMS 0x0000000086500000, 0x0000000086500000| Untracked 
|  72|0x0000000086600000, 0x0000000086600000, 0x0000000086700000|  0%| F|  |TAMS 0x0000000086600000, 0x0000000086600000| Untracked 
|  73|0x0000000086700000, 0x0000000086700000, 0x0000000086800000|  0%| F|  |TAMS 0x0000000086700000, 0x0000000086700000| Untracked 
|  74|0x0000000086800000, 0x0000000086800000, 0x0000000086900000|  0%| F|  |TAMS 0x0000000086800000, 0x0000000086800000| Untracked 
|  75|0x0000000086900000, 0x0000000086900000, 0x0000000086a00000|  0%| F|  |TAMS 0x0000000086900000, 0x0000000086900000| Untracked 
|  76|0x0000000086a00000, 0x0000000086a00000, 0x0000000086b00000|  0%| F|  |TAMS 0x0000000086a00000, 0x0000000086a00000| Untracked 
|  77|0x0000000086b00000, 0x0000000086b00000, 0x0000000086c00000|  0%| F|  |TAMS 0x0000000086b00000, 0x0000000086b00000| Untracked 
|  78|0x0000000086c00000, 0x0000000086d00000, 0x0000000086d00000|100%| S|CS|TAMS 0x0000000086c00000, 0x0000000086c00000| Complete 
|  79|0x0000000086d00000, 0x0000000086d00000, 0x0000000086e00000|  0%| F|  |TAMS 0x0000000086d00000, 0x0000000086d00000| Untracked 
|  80|0x0000000086e00000, 0x0000000086e00000, 0x0000000086f00000|  0%| F|  |TAMS 0x0000000086e00000, 0x0000000086e00000| Untracked 
|  81|0x0000000086f00000, 0x0000000086f00000, 0x0000000087000000|  0%| F|  |TAMS 0x0000000086f00000, 0x0000000086f00000| Untracked 
|  82|0x0000000087000000, 0x0000000087000000, 0x0000000087100000|  0%| F|  |TAMS 0x0000000087000000, 0x0000000087000000| Untracked 
| 127|0x0000000089d00000, 0x0000000089d00000, 0x0000000089e00000|  0%| F|  |TAMS 0x0000000089d00000, 0x0000000089d00000| Untracked 

Card table byte_map: [0x00000233bc750000,0x00000233bcb50000] _byte_map_base: 0x00000233bc341000

Marking Bits (Prev, Next): (CMBitMap*) 0x00000233a4c7a788, (CMBitMap*) 0x00000233a4c7a7c8
 Prev Bits: [0x00000233bcf50000, 0x00000233beed8000)
 Next Bits: [0x00000233beee0000, 0x00000233c0e68000)

Polling page: 0x00000233a2970000

Metaspace:

Usage:
  Non-class:     43.13 MB capacity,    42.26 MB ( 98%) used,   720.67 KB (  2%) free+waste,   177.13 KB ( <1%) overhead. 
      Class:      7.36 MB capacity,     6.80 MB ( 92%) used,   483.63 KB (  6%) free+waste,    87.38 KB (  1%) overhead. 
       Both:     50.49 MB capacity,    49.05 MB ( 97%) used,     1.18 MB (  2%) free+waste,   264.50 KB ( <1%) overhead. 

Virtual space:
  Non-class space:       52.00 MB reserved,      43.17 MB ( 83%) committed 
      Class space:        1.00 GB reserved,       7.45 MB ( <1%) committed 
             Both:        1.05 GB reserved,      50.62 MB (  5%) committed 

Chunk freelists:
   Non-Class:  36.00 KB
       Class:  19.00 KB
        Both:  55.00 KB

MaxMetaspaceSize: 17179869184.00 GB
CompressedClassSpaceSize: 1.00 GB

CodeHeap 'non-profiled nmethods': size=238912Kb used=9103Kb max_used=9103Kb free=229808Kb
 bounds [0x00000233ad7e0000, 0x00000233ae0d0000, 0x00000233bc130000]
CodeHeap 'non-nmethods': size=6848Kb used=1307Kb max_used=1307Kb free=5540Kb
 bounds [0x00000233ad130000, 0x00000233ad3a0000, 0x00000233ad7e0000]
 total_blobs=6448 nmethods=5489 adapters=519
 compilation: enabled
              stopped_count=0, restarted_count=0
 full_count=0

Compilation events (20 events):
Event: 23146.320 Thread 0x00000233c347f000 5573       1       org.apache.coyote.AbstractProtocol::isPaused (8 bytes)
Event: 23146.324 Thread 0x00000233c347f000 nmethod 5573 0x00000233ae0be090 code [0x00000233ae0be220, 0x00000233ae0be378]
Event: 23246.789 Thread 0x00000233c347f000 5574       1       java.util.concurrent.ConcurrentHashMap$CollectionView::toArray (204 bytes)
Event: 23246.790 Thread 0x00000233c347f000 nmethod 5574 0x00000233ae0be410 code [0x00000233ae0be660, 0x00000233ae0bee40]
Event: 23626.325 Thread 0x00000233c347f000 5575   !   1       org.apache.catalina.core.ContainerBase::threadStart (144 bytes)
Event: 23626.330 Thread 0x00000233c347f000 nmethod 5575 0x00000233ae0bf290 code [0x00000233ae0bf4a0, 0x00000233ae0bfac0]
Event: 23686.325 Thread 0x00000233c347f000 5576       1       org.apache.coyote.AbstractProtocol$1::run (18 bytes)
Event: 23686.328 Thread 0x00000233c347f000 nmethod 5576 0x00000233ae0bfe10 code [0x00000233ae0bffc0, 0x00000233ae0c0150]
Event: 23686.328 Thread 0x00000233c347f000 5577   !   1       org.apache.coyote.AbstractProtocol::startAsyncTimeout (104 bytes)
Event: 23686.331 Thread 0x00000233c347f000 nmethod 5577 0x00000233ae0c0290 code [0x00000233ae0c04c0, 0x00000233ae0c0a90]
Event: 23686.331 Thread 0x00000233c347f000 5578       1       org.apache.catalina.core.StandardServer$1::run (8 bytes)
Event: 23686.333 Thread 0x00000233c347f000 nmethod 5578 0x00000233ae0c0d90 code [0x00000233ae0c0f40, 0x00000233ae0c10b0]
Event: 23686.333 Thread 0x00000233c347f000 5579   !   1       org.apache.catalina.core.StandardServer::startPeriodicLifecycleEvent (111 bytes)
Event: 23686.335 Thread 0x00000233c347f000 nmethod 5579 0x00000233ae0c1190 code [0x00000233ae0c13a0, 0x00000233ae0c18d0]
Event: 23686.335 Thread 0x00000233c347f000 5580       1       org.apache.catalina.core.ContainerBase$ContainerBackgroundProcessorMonitor::run (21 bytes)
Event: 23686.336 Thread 0x00000233c347f000 nmethod 5580 0x00000233ae0c1b90 code [0x00000233ae0c1d40, 0x00000233ae0c1ed0]
Event: 23786.836 Thread 0x00000233c347f000 5581       1       org.apache.catalina.session.ManagerBase::processExpires (196 bytes)
Event: 23786.842 Thread 0x00000233c347f000 nmethod 5581 0x00000233ae0c2010 code [0x00000233ae0c2360, 0x00000233ae0c3010]
Event: 23786.842 Thread 0x00000233c347f000 5582       1       org.apache.catalina.session.ManagerBase::findSessions (22 bytes)
Event: 23786.842 Thread 0x00000233c347f000 nmethod 5582 0x00000233ae0c3790 code [0x00000233ae0c3940, 0x00000233ae0c3be0]

GC Heap History (20 events):
Event: 2509.343 GC heap before
{Heap before GC invocations=19 (full 0):
 garbage-first heap   total 86016K, used 60016K [0x0000000081e00000, 0x0000000100000000)
  region size 1024K, 38 young (38912K), 3 survivors (3072K)
 Metaspace       used 50226K, capacity 51698K, committed 51832K, reserved 1093632K
  class space    used 6960K, capacity 7532K, committed 7628K, reserved 1048576K
}
Event: 2509.349 GC heap after
{Heap after GC invocations=20 (full 0):
 garbage-first heap   total 86016K, used 24662K [0x0000000081e00000, 0x0000000100000000)
  region size 1024K, 4 young (4096K), 4 survivors (4096K)
 Metaspace       used 50226K, capacity 51698K, committed 51832K, reserved 1093632K
  class space    used 6960K, capacity 7532K, committed 7628K, reserved 1048576K
}
Event: 4044.492 GC heap before
{Heap before GC invocations=20 (full 0):
 garbage-first heap   total 86016K, used 61526K [0x0000000081e00000, 0x0000000100000000)
  region size 1024K, 40 young (40960K), 4 survivors (4096K)
 Metaspace       used 50226K, capacity 51698K, committed 51832K, reserved 1093632K
  class space    used 6960K, capacity 7532K, committed 7628K, reserved 1048576K
}
Event: 4044.505 GC heap after
{Heap after GC invocations=21 (full 0):
 garbage-first heap   total 86016K, used 25239K [0x0000000081e00000, 0x0000000100000000)
  region size 1024K, 2 young (2048K), 2 survivors (2048K)
 Metaspace       used 50226K, capacity 51698K, committed 51832K, reserved 1093632K
  class space    used 6960K, capacity 7532K, committed 7628K, reserved 1048576K
}
Event: 5614.630 GC heap before
{Heap before GC invocations=21 (full 0):
 garbage-first heap   total 86016K, used 63127K [0x0000000081e00000, 0x0000000100000000)
  region size 1024K, 39 young (39936K), 2 survivors (2048K)
 Metaspace       used 50226K, capacity 51698K, committed 51832K, reserved 1093632K
  class space    used 6960K, capacity 7532K, committed 7628K, reserved 1048576K
}
Event: 5614.637 GC heap after
{Heap after GC invocations=22 (full 0):
 garbage-first heap   total 86016K, used 25141K [0x0000000081e00000, 0x0000000100000000)
  region size 1024K, 2 young (2048K), 2 survivors (2048K)
 Metaspace       used 50226K, capacity 51698K, committed 51832K, reserved 1093632K
  class space    used 6960K, capacity 7532K, committed 7628K, reserved 1048576K
}
Event: 15655.979 GC heap before
{Heap before GC invocations=22 (full 0):
 garbage-first heap   total 86016K, used 64053K [0x0000000081e00000, 0x0000000100000000)
  region size 1024K, 40 young (40960K), 2 survivors (2048K)
 Metaspace       used 50227K, capacity 51698K, committed 51832K, reserved 1093632K
  class space    used 6960K, capacity 7532K, committed 7628K, reserved 1048576K
}
Event: 15655.990 GC heap after
{Heap after GC invocations=23 (full 0):
 garbage-first heap   total 86016K, used 25084K [0x0000000081e00000, 0x0000000100000000)
  region size 1024K, 2 young (2048K), 2 survivors (2048K)
 Metaspace       used 50227K, capacity 51698K, committed 51832K, reserved 1093632K
  class space    used 6960K, capacity 7532K, committed 7628K, reserved 1048576K
}
Event: 17325.163 GC heap before
{Heap before GC invocations=23 (full 0):
 garbage-first heap   total 86016K, used 63996K [0x0000000081e00000, 0x0000000100000000)
  region size 1024K, 41 young (41984K), 2 survivors (2048K)
 Metaspace       used 50227K, capacity 51698K, committed 51832K, reserved 1093632K
  class space    used 6960K, capacity 7532K, committed 7628K, reserved 1048576K
}
Event: 17325.178 GC heap after
{Heap after GC invocations=24 (full 0):
 garbage-first heap   total 86016K, used 25026K [0x0000000081e00000, 0x0000000100000000)
  region size 1024K, 2 young (2048K), 2 survivors (2048K)
 Metaspace       used 50227K, capacity 51698K, committed 51832K, reserved 1093632K
  class space    used 6960K, capacity 7532K, committed 7628K, reserved 1048576K
}
Event: 19086.827 GC heap before
{Heap before GC invocations=24 (full 0):
 garbage-first heap   total 86016K, used 67010K [0x0000000081e00000, 0x0000000100000000)
  region size 1024K, 43 young (44032K), 2 survivors (2048K)
 Metaspace       used 50227K, capacity 51698K, committed 51832K, reserved 1093632K
  class space    used 6960K, capacity 7532K, committed 7628K, reserved 1048576K
}
Event: 19086.845 GC heap after
{Heap after GC invocations=25 (full 0):
 garbage-first heap   total 86016K, used 25043K [0x0000000081e00000, 0x0000000100000000)
  region size 1024K, 2 young (2048K), 2 survivors (2048K)
 Metaspace       used 50227K, capacity 51698K, committed 51832K, reserved 1093632K
  class space    used 6960K, capacity 7532K, committed 7628K, reserved 1048576K
}
Event: 20868.479 GC heap before
{Heap before GC invocations=25 (full 0):
 garbage-first heap   total 86016K, used 68051K [0x0000000081e00000, 0x0000000100000000)
  region size 1024K, 44 young (45056K), 2 survivors (2048K)
 Metaspace       used 50227K, capacity 51698K, committed 51832K, reserved 1093632K
  class space    used 6960K, capacity 7532K, committed 7628K, reserved 1048576K
}
Event: 20868.494 GC heap after
{Heap after GC invocations=26 (full 0):
 garbage-first heap   total 86016K, used 25023K [0x0000000081e00000, 0x0000000100000000)
  region size 1024K, 2 young (2048K), 2 survivors (2048K)
 Metaspace       used 50227K, capacity 51698K, committed 51832K, reserved 1093632K
  class space    used 6960K, capacity 7532K, committed 7628K, reserved 1048576K
}
Event: 22666.742 GC heap before
{Heap before GC invocations=26 (full 0):
 garbage-first heap   total 86016K, used 69055K [0x0000000081e00000, 0x0000000100000000)
  region size 1024K, 45 young (46080K), 2 survivors (2048K)
 Metaspace       used 50227K, capacity 51698K, committed 51832K, reserved 1093632K
  class space    used 6960K, capacity 7532K, committed 7628K, reserved 1048576K
}
Event: 22666.749 GC heap after
{Heap after GC invocations=27 (full 0):
 garbage-first heap   total 86016K, used 25001K [0x0000000081e00000, 0x0000000100000000)
  region size 1024K, 2 young (2048K), 2 survivors (2048K)
 Metaspace       used 50227K, capacity 51698K, committed 51832K, reserved 1093632K
  class space    used 6960K, capacity 7532K, committed 7628K, reserved 1048576K
}
Event: 24457.076 GC heap before
{Heap before GC invocations=27 (full 0):
 garbage-first heap   total 86016K, used 69033K [0x0000000081e00000, 0x0000000100000000)
  region size 1024K, 45 young (46080K), 2 survivors (2048K)
 Metaspace       used 50227K, capacity 51698K, committed 51832K, reserved 1093632K
  class space    used 6960K, capacity 7532K, committed 7628K, reserved 1048576K
}
Event: 24457.083 GC heap after
{Heap after GC invocations=28 (full 0):
 garbage-first heap   total 86016K, used 25051K [0x0000000081e00000, 0x0000000100000000)
  region size 1024K, 2 young (2048K), 2 survivors (2048K)
 Metaspace       used 50227K, capacity 51698K, committed 51832K, reserved 1093632K
  class space    used 6960K, capacity 7532K, committed 7628K, reserved 1048576K
}
Event: 24676.112 GC heap before
{Heap before GC invocations=28 (full 0):
 garbage-first heap   total 86016K, used 29147K [0x0000000081e00000, 0x0000000100000000)
  region size 1024K, 7 young (7168K), 2 survivors (2048K)
 Metaspace       used 50232K, capacity 51701K, committed 51832K, reserved 1099776K
  class space    used 6962K, capacity 7533K, committed 7628K, reserved 1048576K
}
Event: 24676.127 GC heap after
{Heap after GC invocations=29 (full 0):
 garbage-first heap   total 86016K, used 24536K [0x0000000081e00000, 0x0000000100000000)
  region size 1024K, 1 young (1024K), 1 survivors (1024K)
 Metaspace       used 50232K, capacity 51701K, committed 51832K, reserved 1099776K
  class space    used 6962K, capacity 7533K, committed 7628K, reserved 1048576K
}

Deoptimization events (6 events):
Event: 3.616 Thread 0x00000233c4a4b000 DEOPT PACKING pc=0x00000233adabb094 sp=0x000000ed377fcb70
Event: 3.616 Thread 0x00000233c4a4b000 DEOPT UNPACKING pc=0x00000233ad17964e sp=0x000000ed377fc0d8 mode 0
Event: 6.582 Thread 0x00000233c4a4b000 DEOPT PACKING pc=0x00000233ada9b183 sp=0x000000ed377fd270
Event: 6.582 Thread 0x00000233c4a4b000 DEOPT UNPACKING pc=0x00000233ad17964e sp=0x000000ed377fc778 mode 3
Event: 55.774 Thread 0x00000233c3e40800 DEOPT PACKING pc=0x00000233ad944304 sp=0x000000ed390fc5d0
Event: 55.774 Thread 0x00000233c3e40800 DEOPT UNPACKING pc=0x00000233ad17964e sp=0x000000ed390fbaf8 mode 0

Classes unloaded (1 events):
Event: 5.265 Thread 0x00000233c3455000 Unloading class 0x0000000800c5f840 'org/springframework/core/GenericTypeResolver$$Lambda$151'

Classes redefined (0 events):
No events

Internal exceptions (20 events):
Event: 6.313 Thread 0x00000233c4a4b000 Exception <a 'java/lang/NoSuchMethodError'{0x00000000852ada10}: 'java.lang.Object java.lang.invoke.DirectMethodHandle$Holder.invokeInterface(java.lang.Object, java.lang.Object, java.lang.Object, java.lang.Object)'> (0x00000000852ada10) 
thrown [t:/workspace/open/src/hotspot/share/interpreter/linkResolver.cpp, line 767]
Event: 6.341 Thread 0x00000233c4a4b000 Exception <a 'java/lang/ClassNotFoundException'{0x000000008507d868}: java/lang/ObjectCustomizer> (0x000000008507d868) 
thrown [t:/workspace/open/src/hotspot/share/classfile/systemDictionary.cpp, line 232]
Event: 6.342 Thread 0x00000233c4a4b000 Exception <a 'java/lang/ClassNotFoundException'{0x0000000085091ba8}: org/springframework/web/servlet/config/annotation/WebMvcConfigurationSupportCustomizer> (0x0000000085091ba8) 
thrown [t:/workspace/open/src/hotspot/share/classfile/systemDictionary.cpp, line 232]
Event: 6.342 Thread 0x00000233c4a4b000 Exception <a 'java/lang/ClassNotFoundException'{0x00000000850b0800}: org/springframework/web/servlet/config/annotation/DelegatingWebMvcConfigurationCustomizer> (0x00000000850b0800) 
thrown [t:/workspace/open/src/hotspot/share/classfile/systemDictionary.cpp, line 232]
Event: 6.343 Thread 0x00000233c4a4b000 Exception <a 'java/lang/ClassNotFoundException'{0x00000000850c7de0}: org/springframework/boot/autoconfigure/web/servlet/WebMvcAutoConfiguration$EnableWebMvcConfigurationCustomizer> (0x00000000850c7de0) 
thrown [t:/workspace/open/src/hotspot/share/classfile/systemDictionary.cpp, line 232]
Event: 6.344 Thread 0x00000233c4a4b000 Exception <a 'java/lang/ClassNotFoundException'{0x00000000850e2778}: org/springframework/context/ResourceLoaderAwareCustomizer> (0x00000000850e2778) 
thrown [t:/workspace/open/src/hotspot/share/classfile/systemDictionary.cpp, line 232]
Event: 6.344 Thread 0x00000233c4a4b000 Exception <a 'java/lang/ClassNotFoundException'{0x00000000850eff60}: org/springframework/beans/factory/AwareCustomizer> (0x00000000850eff60) 
thrown [t:/workspace/open/src/hotspot/share/classfile/systemDictionary.cpp, line 232]
Event: 6.344 Thread 0x00000233c4a4b000 Exception <a 'java/lang/ClassNotFoundException'{0x00000000850fe020}: org/springframework/context/ApplicationContextAwareCustomizer> (0x00000000850fe020) 
thrown [t:/workspace/open/src/hotspot/share/classfile/systemDictionary.cpp, line 232]
Event: 6.345 Thread 0x00000233c4a4b000 Exception <a 'java/lang/ClassNotFoundException'{0x0000000084f0c958}: org/springframework/beans/factory/AwareCustomizer> (0x0000000084f0c958) 
thrown [t:/workspace/open/src/hotspot/share/classfile/systemDictionary.cpp, line 232]
Event: 6.345 Thread 0x00000233c4a4b000 Exception <a 'java/lang/ClassNotFoundException'{0x0000000084f1a9f0}: org/springframework/web/context/ServletContextAwareCustomizer> (0x0000000084f1a9f0) 
thrown [t:/workspace/open/src/hotspot/share/classfile/systemDictionary.cpp, line 232]
Event: 6.346 Thread 0x00000233c4a4b000 Exception <a 'java/lang/ClassNotFoundException'{0x0000000084f28640}: org/springframework/beans/factory/AwareCustomizer> (0x0000000084f28640) 
thrown [t:/workspace/open/src/hotspot/share/classfile/systemDictionary.cpp, line 232]
Event: 6.488 Thread 0x00000233c4a4b000 Exception <a 'java/lang/NoSuchMethodError'{0x00000000870e75f0}: 'void java.lang.invoke.DirectMethodHandle$Holder.invokeVirtual(java.lang.Object, java.lang.Object, int)'> (0x00000000870e75f0) 
thrown [t:/workspace/open/src/hotspot/share/interpreter/linkResolver.cpp, line 767]
Event: 6.593 Thread 0x00000233c4a4b000 Exception <a 'java/lang/IncompatibleClassChangeError'{0x0000000086acea68}: Found class java.lang.Object, but interface was expected> (0x0000000086acea68) 
thrown [t:/workspace/open/src/hotspot/share/interpreter/linkResolver.cpp, line 833]
Event: 6.618 Thread 0x00000233c4a4b000 Exception <a 'java/lang/NoSuchMethodError'{0x0000000086829968}: 'int java.lang.invoke.DirectMethodHandle$Holder.invokeStaticInit(java.lang.Object, java.lang.Object, java.lang.Object, java.lang.Object)'> (0x0000000086829968) 
thrown [t:/workspace/open/src/hotspot/share/interpreter/linkResolver.cpp, line 767]
Event: 6.784 Thread 0x00000233c4a4b000 Exception <a 'java/lang/NoSuchMethodError'{0x000000008620d0a0}: 'java.lang.Object java.lang.invoke.Invokers$Holder.linkToTargetMethod(java.lang.Object, int, java.lang.Object)'> (0x000000008620d0a0) 
thrown [t:/workspace/open/src/hotspot/share/interpreter/linkResolver.cpp, line 767]
Event: 64.067 Thread 0x00000233c3e40000 Exception <a 'java/lang/ClassNotFoundException'{0x0000000085199208}: java/lang/ObjectCustomizer> (0x0000000085199208) 
thrown [t:/workspace/open/src/hotspot/share/classfile/systemDictionary.cpp, line 232]
Event: 64.068 Thread 0x00000233c3e40000 Exception <a 'java/lang/ClassNotFoundException'{0x00000000851ad070}: com/studmisto/entities/NewsItemCustomizer> (0x00000000851ad070) 
thrown [t:/workspace/open/src/hotspot/share/classfile/systemDictionary.cpp, line 232]
Event: 24676.111 Thread 0x00000233c52e6000 StackOverflowError at 0x00000233ada7c900
Event: 24676.112 Thread 0x00000233c52e6000 Exception <a 'java/lang/StackOverflowError'{0x0000000086ddc348}> (0x0000000086ddc348) 
thrown [t:/workspace/open/src/hotspot/share/runtime/sharedRuntime.cpp, line 585]
Event: 24676.112 Thread 0x00000233c52e6000 Exception <a 'java/lang/StackOverflowError'{0x0000000086ddc348}> (0x0000000086ddc348) 
thrown [t:/workspace/open/src/hotspot/share/classfile/systemDictionary.cpp, line 1709]

Events (20 events):
Event: 24457.084 Executing VM operation: RevokeBias done
Event: 24457.084 Executing VM operation: RevokeBias
Event: 24457.084 Executing VM operation: RevokeBias done
Event: 24457.084 Executing VM operation: RevokeBias
Event: 24457.084 Executing VM operation: RevokeBias done
Event: 24457.084 Executing VM operation: RevokeBias
Event: 24457.084 Executing VM operation: RevokeBias done
Event: 24457.084 Executing VM operation: RevokeBias
Event: 24457.084 Executing VM operation: RevokeBias done
Event: 24457.084 Executing VM operation: RevokeBias
Event: 24457.084 Executing VM operation: RevokeBias done
Event: 24457.084 Executing VM operation: RevokeBias
Event: 24457.084 Executing VM operation: RevokeBias done
Event: 24457.084 Executing VM operation: RevokeBias
Event: 24457.084 Executing VM operation: RevokeBias done
Event: 24457.084 Executing VM operation: BulkRevokeBias
Event: 24457.085 Executing VM operation: BulkRevokeBias done
Event: 24676.100 loading class org/springframework/boot/devtools/filewatch/ChangedFile$Type
Event: 24676.100 loading class org/springframework/boot/devtools/filewatch/ChangedFile$Type done
Event: 24676.112 Executing VM operation: CollectForMetadataAllocation


Dynamic libraries:
0x00007ff661520000 - 0x00007ff66152f000 	C:\Program Files\Java\jdk-13.0.1\bin\java.exe
0x00007ffb6f500000 - 0x00007ffb6f6db000 	C:\Windows\SYSTEM32\ntdll.dll
0x00007ffb6eba0000 - 0x00007ffb6ec4e000 	C:\Windows\System32\KERNEL32.DLL
0x00007ffb6bb60000 - 0x00007ffb6bda9000 	C:\Windows\System32\KERNELBASE.dll
0x00007ffb6c790000 - 0x00007ffb6c886000 	C:\Windows\System32\ucrtbase.dll
0x00007ffb58270000 - 0x00007ffb58285000 	C:\Program Files\Java\jdk-13.0.1\bin\VCRUNTIME140.dll
0x00007ffb58a50000 - 0x00007ffb58a68000 	C:\Program Files\Java\jdk-13.0.1\bin\jli.dll
0x00007ffb6efa0000 - 0x00007ffb6f041000 	C:\Windows\System32\ADVAPI32.dll
0x00007ffb6f2b0000 - 0x00007ffb6f34d000 	C:\Windows\System32\msvcrt.dll
0x00007ffb6ca60000 - 0x00007ffb6cab9000 	C:\Windows\System32\sechost.dll
0x00007ffb6d200000 - 0x00007ffb6d325000 	C:\Windows\System32\RPCRT4.dll
0x00007ffb6f350000 - 0x00007ffb6f49a000 	C:\Windows\System32\USER32.dll
0x00007ffb6ba20000 - 0x00007ffb6ba3e000 	C:\Windows\System32\win32u.dll
0x00007ffb6f110000 - 0x00007ffb6f137000 	C:\Windows\System32\GDI32.dll
0x00007ffb6beb0000 - 0x00007ffb6c039000 	C:\Windows\System32\gdi32full.dll
0x00007ffb5fac0000 - 0x00007ffb5fd27000 	C:\Windows\WinSxS\amd64_microsoft.windows.common-controls_6595b64144ccf1df_6.0.15063.0_none_108e4f62dfe5d999\COMCTL32.dll
0x00007ffb6be10000 - 0x00007ffb6beaa000 	C:\Windows\System32\msvcp_win.dll
0x00007ffb6cf00000 - 0x00007ffb6d1f9000 	C:\Windows\System32\combase.dll
0x00007ffb6ba40000 - 0x00007ffb6baaa000 	C:\Windows\System32\bcryptPrimitives.dll
0x00007ffb664d0000 - 0x00007ffb664da000 	C:\Windows\SYSTEM32\VERSION.dll
0x00007ffb6d6c0000 - 0x00007ffb6d6ed000 	C:\Windows\System32\IMM32.DLL
0x00007ffb56ff0000 - 0x00007ffb5708b000 	C:\Program Files\Java\jdk-13.0.1\bin\msvcp140.dll
0x00007ffb55150000 - 0x00007ffb55cb6000 	C:\Program Files\Java\jdk-13.0.1\bin\server\jvm.dll
0x00007ffb6ef80000 - 0x00007ffb6ef88000 	C:\Windows\System32\PSAPI.DLL
0x00007ffb5d7d0000 - 0x00007ffb5d7d9000 	C:\Windows\SYSTEM32\WSOCK32.dll
0x00007ffb6eb30000 - 0x00007ffb6eb9c000 	C:\Windows\System32\WS2_32.dll
0x00007ffb5abf0000 - 0x00007ffb5ac13000 	C:\Windows\SYSTEM32\WINMM.dll
0x00007ffb5aae0000 - 0x00007ffb5ab0b000 	C:\Windows\SYSTEM32\WINMMBASE.dll
0x00007ffb6c740000 - 0x00007ffb6c789000 	C:\Windows\System32\cfgmgr32.dll
0x00007ffb6ba00000 - 0x00007ffb6ba11000 	C:\Windows\System32\kernel.appcore.dll
0x00007ffb59420000 - 0x00007ffb59430000 	C:\Program Files\Java\jdk-13.0.1\bin\verify.dll
0x00007ffb681f0000 - 0x00007ffb68399000 	C:\Windows\SYSTEM32\DBGHELP.DLL
0x00007ffb645d0000 - 0x00007ffb645f9000 	C:\Windows\SYSTEM32\dbgcore.DLL
0x00007ffb57870000 - 0x00007ffb57896000 	C:\Program Files\Java\jdk-13.0.1\bin\java.dll
0x00007ffb68b90000 - 0x00007ffb68b9e000 	C:\Program Files\Java\jdk-13.0.1\bin\instrument.dll
0x00007ffb577d0000 - 0x00007ffb577e7000 	C:\Program Files\Java\jdk-13.0.1\bin\zip.dll
0x00007ffb593b0000 - 0x00007ffb593ba000 	C:\Program Files\Java\jdk-13.0.1\bin\jimage.dll
0x00007ffb6d6f0000 - 0x00007ffb6eb27000 	C:\Windows\System32\SHELL32.dll
0x00007ffb6ec50000 - 0x00007ffb6ecfa000 	C:\Windows\System32\shcore.dll
0x00007ffb6c040000 - 0x00007ffb6c732000 	C:\Windows\System32\windows.storage.dll
0x00007ffb6ef20000 - 0x00007ffb6ef71000 	C:\Windows\System32\shlwapi.dll
0x00007ffb6b990000 - 0x00007ffb6b9dc000 	C:\Windows\System32\powrprof.dll
0x00007ffb6b970000 - 0x00007ffb6b985000 	C:\Windows\System32\profapi.dll
0x00007ffb577b0000 - 0x00007ffb577c9000 	C:\Program Files\Java\jdk-13.0.1\bin\net.dll
0x00007ffb669e0000 - 0x00007ffb66ab7000 	C:\Windows\SYSTEM32\WINHTTP.dll
0x00007ffb6b220000 - 0x00007ffb6b27c000 	C:\Windows\system32\mswsock.dll
0x00007ffb56fd0000 - 0x00007ffb56fe3000 	C:\Program Files\Java\jdk-13.0.1\bin\nio.dll
0x00007ffb5c3a0000 - 0x00007ffb5c3ba000 	D:\IntelliJ IDEA 2019.2.4\bin\breakgen64.dll
0x00007ffb6b000000 - 0x00007ffb6b0a4000 	C:\Windows\SYSTEM32\DNSAPI.dll
0x00007ffb6ef90000 - 0x00007ffb6ef98000 	C:\Windows\System32\NSI.dll
0x00007ffb6afc0000 - 0x00007ffb6aff7000 	C:\Windows\SYSTEM32\IPHLPAPI.DLL
0x00007ffb5f180000 - 0x00007ffb5f18a000 	C:\Windows\System32\rasadhlp.dll
0x00007ffb62430000 - 0x00007ffb6249b000 	C:\Windows\System32\fwpuclnt.dll
0x00007ffb6b610000 - 0x00007ffb6b635000 	C:\Windows\SYSTEM32\bcrypt.dll
0x00007ffb590f0000 - 0x00007ffb590f9000 	C:\Program Files\Java\jdk-13.0.1\bin\management.dll
0x00007ffb589c0000 - 0x00007ffb589cb000 	C:\Program Files\Java\jdk-13.0.1\bin\management_ext.dll
0x00007ffb6b3c0000 - 0x00007ffb6b3d7000 	C:\Windows\SYSTEM32\CRYPTSP.dll
0x00007ffb6ae40000 - 0x00007ffb6ae74000 	C:\Windows\system32\rsaenh.dll
0x00007ffb6b870000 - 0x00007ffb6b899000 	C:\Windows\SYSTEM32\USERENV.dll
0x00007ffb6b3e0000 - 0x00007ffb6b3eb000 	C:\Windows\SYSTEM32\CRYPTBASE.dll
0x00007ffb652a0000 - 0x00007ffb652b6000 	C:\Windows\SYSTEM32\dhcpcsvc6.DLL
0x00007ffb66660000 - 0x00007ffb6667a000 	C:\Windows\SYSTEM32\dhcpcsvc.DLL
0x00007ffb64bf0000 - 0x00007ffb64c06000 	C:\Windows\system32\napinsp.dll
0x00007ffb64bd0000 - 0x00007ffb64bea000 	C:\Windows\system32\pnrpnsp.dll
0x00007ffb68a50000 - 0x00007ffb68a68000 	C:\Windows\system32\NLAapi.dll
0x00007ffb66480000 - 0x00007ffb6648e000 	C:\Windows\System32\winrnr.dll
0x00007ffb648d0000 - 0x00007ffb648e5000 	C:\Windows\System32\wshbth.dll

dbghelp: loaded successfully - version: 4.0.5 - missing functions: none
symbol engine: initialized successfully - sym options: 0x614 - pdb path: .;C:\Program Files\Java\jdk-13.0.1\bin;C:\Windows\SYSTEM32;C:\Windows\WinSxS\amd64_microsoft.windows.common-controls_6595b64144ccf1df_6.0.15063.0_none_108e4f62dfe5d999;C:\Program Files\Java\jdk-13.0.1\bin\server;D:\IntelliJ IDEA 2019.2.4\bin

VM Arguments:
jvm_args: -XX:TieredStopAtLevel=1 -Xverify:none -Dspring.output.ansi.enabled=always -Dcom.sun.management.jmxremote -Dspring.jmx.enabled=true -Dspring.liveBeansView.mbeanDomain -Dspring.application.admin.enabled=true -javaagent:D:\IntelliJ IDEA 2019.2.4\lib\idea_rt.jar=53563:D:\IntelliJ IDEA 2019.2.4\bin -Dfile.encoding=UTF-8 
java_command: Application
java_class_path (initial): C:\Users\User\IdeaProjects\studmistobackend\target\classes;C:\Users\User\.m2\repository\org\springframework\boot\spring-boot-starter-web\2.2.2.RELEASE\spring-boot-starter-web-2.2.2.RELEASE.jar;C:\Users\User\.m2\repository\org\springframework\boot\spring-boot-starter\2.2.2.RELEASE\spring-boot-starter-2.2.2.RELEASE.jar;C:\Users\User\.m2\repository\org\springframework\boot\spring-boot-starter-logging\2.2.2.RELEASE\spring-boot-starter-logging-2.2.2.RELEASE.jar;C:\Users\User\.m2\repository\ch\qos\logback\logback-classic\1.2.3\logback-classic-1.2.3.jar;C:\Users\User\.m2\repository\ch\qos\logback\logback-core\1.2.3\logback-core-1.2.3.jar;C:\Users\User\.m2\repository\org\apache\logging\log4j\log4j-to-slf4j\2.12.1\log4j-to-slf4j-2.12.1.jar;C:\Users\User\.m2\repository\org\apache\logging\log4j\log4j-api\2.12.1\log4j-api-2.12.1.jar;C:\Users\User\.m2\repository\org\slf4j\jul-to-slf4j\1.7.29\jul-to-slf4j-1.7.29.jar;C:\Users\User\.m2\repository\jakarta\annotation\jakarta.annotation-api\1.3.5\jakarta.annotation-api-1.3.5.jar;C:\Users\User\.m2\repository\org\yaml\snakeyaml\1.25\snakeyaml-1.25.jar;C:\Users\User\.m2\repository\org\springframework\boot\spring-boot-starter-json\2.2.2.RELEASE\spring-boot-starter-json-2.2.2.RELEASE.jar;C:\Users\User\.m2\repository\com\fasterxml\jackson\core\jackson-databind\2.10.1\jackson-databind-2.10.1.jar;C:\Users\User\.m2\repository\com\fasterxml\jackson\core\jackson-annotations\2.10.1\jackson-annotations-2.10.1.jar;C:\Users\User\.m2\repository\com\fasterxml\jackson\core\jackson-core\2.10.1\jackson-core-2.10.1.jar;C:\Users\User\.m2\repository\com\fasterxml\jackson\datatype\jackson-datatype-jdk8\2.10.1\jackson-datatype-jdk8-2.10.1.jar;C:\Users\User\.m2\repository\com\fasterxml\jackson\datatype\jackson-datatype-jsr310\2.10.1\jackson-datatype-jsr310-2.10.1.jar;C:\Users\User\.m2\repository\com\fasterxml\jackson\module\jackson-module-parameter-names\2.10.1\jackson-module-parameter-names-2.10.1.jar;C:\Users\User\.m2\repository\
Launcher Type: SUN_STANDARD

[Global flags]
     intx CICompilerCount                          = 3                                         {product} {ergonomic}
     uint ConcGCThreads                            = 1                                         {product} {ergonomic}
     uint G1ConcRefinementThreads                  = 4                                         {product} {ergonomic}
   size_t G1HeapRegionSize                         = 1048576                                   {product} {ergonomic}
    uintx GCDrainStackTargetSize                   = 64                                        {product} {ergonomic}
   size_t InitialHeapSize                          = 134217728                                 {product} {ergonomic}
     bool ManagementServer                         = true                                      {product} {command line}
   size_t MarkStackSize                            = 4194304                                   {product} {ergonomic}
   size_t MaxHeapSize                              = 2116026368                                {product} {ergonomic}
   size_t MaxNewSize                               = 1268776960                                {product} {ergonomic}
   size_t MinHeapDeltaBytes                        = 1048576                                   {product} {ergonomic}
   size_t MinHeapSize                              = 8388608                                   {product} {ergonomic}
    uintx NonNMethodCodeHeapSize                   = 6973028                                {pd product} {ergonomic}
    uintx NonProfiledCodeHeapSize                  = 244685212                              {pd product} {ergonomic}
    uintx ProfiledCodeHeapSize                     = 0                                      {pd product} {ergonomic}
    uintx ReservedCodeCacheSize                    = 251658240                              {pd product} {ergonomic}
     bool SegmentedCodeCache                       = true                                      {product} {ergonomic}
   size_t SoftMaxHeapSize                          = 2116026368                             {manageable} {ergonomic}
     intx TieredStopAtLevel                        = 1                                         {product} {command line}
     bool UseCompressedClassPointers               = true                                 {lp64_product} {ergonomic}
     bool UseCompressedOops                        = true                                 {lp64_product} {ergonomic}
     bool UseG1GC                                  = true                                      {product} {ergonomic}
     bool UseLargePagesIndividualAllocation        = false                                  {pd product} {ergonomic}

Logging:
Log output configuration:
 #0: stdout all=warning uptime,level,tags
 #1: stderr all=off uptime,level,tags

Environment Variables:
JAVA_HOME=C:\Program Files\Java\jdk-13.0.1
PATH=C:\Windows\system32;C:\Windows;C:\Windows\System32\Wbem;C:\Windows\System32\WindowsPowerShell\v1.0\;C:\Program Files\Maven\bin;C:\Program Files\Git\cmd;C:\Program Files\Java\jdk-13.0.1\bin;C:\Program Files\Maven\bin;C:\Users\User\AppData\Local\Microsoft\WindowsApps;D:\IntelliJ IDEA 2019.2.4\bin;C:\Users\User\AppData\Local\GitHubDesktop\bin;C:\Program Files\heroku\bin
USERNAME=User
OS=Windows_NT
PROCESSOR_IDENTIFIER=Intel64 Family 6 Model 142 Stepping 9, GenuineIntel



---------------  S Y S T E M  ---------------

OS: Windows 10 , 64 bit Build 15063 (10.0.15063.296)

CPU:total 4 (initial active 4) (2 cores per cpu, 2 threads per core) family 6 model 142 stepping 9, cmov, cx8, fxsr, mmx, sse, sse2, sse3, ssse3, sse4.1, sse4.2, popcnt, avx, avx2, aes, clmul, erms, 3dnowpref, lzcnt, ht, tsc, tscinvbit, bmi1, bmi2, adx, fma

Memory: 4k page, system-wide physical 8071M (2949M free)
TotalPageFile size 20208M (AvailPageFile size 5246M)
current process WorkingSet (physical memory assigned to process): 97M, peak: 204M
current process commit charge ("private bytes"): 243M, peak: 244M

vm_info: Java HotSpot(TM) 64-Bit Server VM (13.0.1+9) for windows-amd64 JRE (13.0.1+9), built on Oct  6 2019 12:37:49 by "mach5one" with unknown MS VC++:1916

END.
