2021-02-09 10:40:47.595  INFO WIN-5TJ5N3V457G --- [  restartedMain] c.s.Application                          : Starting Application on WIN-5TJ5N3V457G with PID 9720 (C:\Users\User\IdeaProjects\studmistobackend\target\classes started by User in C:\Users\User\IdeaProjects\studmistobackend)
2021-02-09 10:40:47.610  INFO WIN-5TJ5N3V457G --- [  restartedMain] c.s.Application                          : No active profile set, falling back to default profiles: default
2021-02-09 10:40:47.678  INFO WIN-5TJ5N3V457G --- [  restartedMain] o.s.b.d.r.ChangeableUrls                 : The Class-Path manifest attribute in C:\Users\User\.m2\repository\com\sun\xml\bind\jaxb-core\2.3.0\jaxb-core-2.3.0.jar referenced one or more files that do not exist: file:/C:/Users/User/.m2/repository/com/sun/xml/bind/jaxb-core/2.3.0/jaxb-api.jar
2021-02-09 10:40:47.678  INFO WIN-5TJ5N3V457G --- [  restartedMain] o.s.b.d.r.ChangeableUrls                 : The Class-Path manifest attribute in C:\Users\User\.m2\repository\com\sun\xml\bind\jaxb-impl\2.3.0\jaxb-impl-2.3.0.jar referenced one or more files that do not exist: file:/C:/Users/User/.m2/repository/com/sun/xml/bind/jaxb-impl/2.3.0/jaxb-core.jar
2021-02-09 10:40:47.679  INFO WIN-5TJ5N3V457G --- [  restartedMain] o.s.b.d.r.ChangeableUrls                 : The Class-Path manifest attribute in C:\Users\User\.m2\repository\org\glassfish\jaxb\jaxb-runtime\2.3.2\jaxb-runtime-2.3.2.jar referenced one or more files that do not exist: file:/C:/Users/User/.m2/repository/org/glassfish/jaxb/jaxb-runtime/2.3.2/jakarta.xml.bind-api-2.3.2.jar,file:/C:/Users/User/.m2/repository/org/glassfish/jaxb/jaxb-runtime/2.3.2/txw2-2.3.2.jar,file:/C:/Users/User/.m2/repository/org/glassfish/jaxb/jaxb-runtime/2.3.2/istack-commons-runtime-3.0.8.jar,file:/C:/Users/User/.m2/repository/org/glassfish/jaxb/jaxb-runtime/2.3.2/stax-ex-1.8.1.jar,file:/C:/Users/User/.m2/repository/org/glassfish/jaxb/jaxb-runtime/2.3.2/FastInfoset-1.2.16.jar,file:/C:/Users/User/.m2/repository/org/glassfish/jaxb/jaxb-runtime/2.3.2/jakarta.activation-api-1.2.1.jar
2021-02-09 10:40:47.680  INFO WIN-5TJ5N3V457G --- [  restartedMain] .e.DevToolsPropertyDefaultsPostProcessor : Devtools property defaults active! Set 'spring.devtools.add-properties' to 'false' to disable
2021-02-09 10:40:47.680  INFO WIN-5TJ5N3V457G --- [  restartedMain] .e.DevToolsPropertyDefaultsPostProcessor : For additional web related logging consider setting the 'logging.level.web' property to 'DEBUG'
2021-02-09 10:40:48.609  INFO WIN-5TJ5N3V457G --- [  restartedMain] .s.d.r.c.RepositoryConfigurationDelegate : Bootstrapping Spring Data JPA repositories in DEFAULT mode.
2021-02-09 10:40:48.791  INFO WIN-5TJ5N3V457G --- [  restartedMain] .s.d.r.c.RepositoryConfigurationDelegate : Finished Spring Data repository scanning in 168ms. Found 7 JPA repository interfaces.
2021-02-09 10:40:49.104  INFO WIN-5TJ5N3V457G --- [  restartedMain] trationDelegate$BeanPostProcessorChecker : Bean 'org.springframework.transaction.annotation.ProxyTransactionManagementConfiguration' of type [org.springframework.transaction.annotation.ProxyTransactionManagementConfiguration] is not eligible for getting processed by all BeanPostProcessors (for example: not eligible for auto-proxying)
2021-02-09 10:40:49.138  INFO WIN-5TJ5N3V457G --- [  restartedMain] trationDelegate$BeanPostProcessorChecker : Bean 'org.springframework.security.config.annotation.configuration.ObjectPostProcessorConfiguration' of type [org.springframework.security.config.annotation.configuration.ObjectPostProcessorConfiguration] is not eligible for getting processed by all BeanPostProcessors (for example: not eligible for auto-proxying)
2021-02-09 10:40:49.141  INFO WIN-5TJ5N3V457G --- [  restartedMain] trationDelegate$BeanPostProcessorChecker : Bean 'objectPostProcessor' of type [org.springframework.security.config.annotation.configuration.AutowireBeanFactoryObjectPostProcessor] is not eligible for getting processed by all BeanPostProcessors (for example: not eligible for auto-proxying)
2021-02-09 10:40:49.143  INFO WIN-5TJ5N3V457G --- [  restartedMain] trationDelegate$BeanPostProcessorChecker : Bean 'org.springframework.security.access.expression.method.DefaultMethodSecurityExpressionHandler@58232a91' of type [org.springframework.security.access.expression.method.DefaultMethodSecurityExpressionHandler] is not eligible for getting processed by all BeanPostProcessors (for example: not eligible for auto-proxying)
2021-02-09 10:40:49.146  INFO WIN-5TJ5N3V457G --- [  restartedMain] trationDelegate$BeanPostProcessorChecker : Bean 'org.springframework.security.config.annotation.method.configuration.GlobalMethodSecurityConfiguration' of type [org.springframework.security.config.annotation.method.configuration.GlobalMethodSecurityConfiguration] is not eligible for getting processed by all BeanPostProcessors (for example: not eligible for auto-proxying)
2021-02-09 10:40:49.149  INFO WIN-5TJ5N3V457G --- [  restartedMain] trationDelegate$BeanPostProcessorChecker : Bean 'methodSecurityMetadataSource' of type [org.springframework.security.access.method.DelegatingMethodSecurityMetadataSource] is not eligible for getting processed by all BeanPostProcessors (for example: not eligible for auto-proxying)
2021-02-09 10:40:49.427  INFO WIN-5TJ5N3V457G --- [  restartedMain] o.s.b.w.e.t.TomcatWebServer              : Tomcat initialized with port(s): 9000 (http)
2021-02-09 10:40:49.436  INFO WIN-5TJ5N3V457G --- [  restartedMain] o.a.c.h.Http11NioProtocol                : Initializing ProtocolHandler ["http-nio-9000"]
2021-02-09 10:40:49.437  INFO WIN-5TJ5N3V457G --- [  restartedMain] o.a.c.c.StandardService                  : Starting service [Tomcat]
2021-02-09 10:40:49.437  INFO WIN-5TJ5N3V457G --- [  restartedMain] o.a.c.c.StandardEngine                   : Starting Servlet engine: [Apache Tomcat/9.0.29]
2021-02-09 10:40:49.531  INFO WIN-5TJ5N3V457G --- [  restartedMain] o.a.c.c.C.[.[.[/]                        : Initializing Spring embedded WebApplicationContext
2021-02-09 10:40:49.532  INFO WIN-5TJ5N3V457G --- [  restartedMain] o.s.w.c.ContextLoader                    : Root WebApplicationContext: initialization completed in 1851 ms
2021-02-09 10:40:49.723  INFO WIN-5TJ5N3V457G --- [  restartedMain] o.h.j.i.u.LogHelper                      : HHH000204: Processing PersistenceUnitInfo [name: default]
2021-02-09 10:40:49.786  INFO WIN-5TJ5N3V457G --- [  restartedMain] o.h.Version                              : HHH000412: Hibernate Core {5.4.9.Final}
2021-02-09 10:40:49.889  INFO WIN-5TJ5N3V457G --- [  restartedMain] o.h.a.c.Version                          : HCANN000001: Hibernate Commons Annotations {5.1.0.Final}
2021-02-09 10:40:49.988  INFO WIN-5TJ5N3V457G --- [  restartedMain] c.z.h.HikariDataSource                   : HikariPool-1 - Starting...
2021-02-09 10:40:50.083  INFO WIN-5TJ5N3V457G --- [  restartedMain] c.z.h.HikariDataSource                   : HikariPool-1 - Start completed.
2021-02-09 10:40:50.105  INFO WIN-5TJ5N3V457G --- [  restartedMain] o.h.d.Dialect                            : HHH000400: Using dialect: org.hibernate.dialect.PostgreSQL10Dialect
2021-02-09 10:40:51.314  INFO WIN-5TJ5N3V457G --- [  restartedMain] o.h.e.t.j.p.i.JtaPlatformInitiator       : HHH000490: Using JtaPlatform implementation: [org.hibernate.engine.transaction.jta.platform.internal.NoJtaPlatform]
2021-02-09 10:40:51.321  INFO WIN-5TJ5N3V457G --- [  restartedMain] j.LocalContainerEntityManagerFactoryBean : Initialized JPA EntityManagerFactory for persistence unit 'default'
2021-02-09 10:40:51.728  INFO WIN-5TJ5N3V457G --- [  restartedMain] o.s.b.d.a.OptionalLiveReloadServer       : LiveReload server is running on port 35729
2021-02-09 10:40:51.799  WARN WIN-5TJ5N3V457G --- [  restartedMain] JpaBaseConfiguration$JpaWebConfiguration : spring.jpa.open-in-view is enabled by default. Therefore, database queries may be performed during view rendering. Explicitly configure spring.jpa.open-in-view to disable this warning
2021-02-09 10:40:52.167  INFO WIN-5TJ5N3V457G --- [  restartedMain] o.s.s.w.DefaultSecurityFilterChain       : Creating filter chain: any request, [org.springframework.security.web.context.request.async.WebAsyncManagerIntegrationFilter@11cac62e, org.springframework.security.web.context.SecurityContextPersistenceFilter@ba63361, org.springframework.security.web.header.HeaderWriterFilter@75136174, org.springframework.web.filter.CorsFilter@2d68120c, org.springframework.security.web.authentication.logout.LogoutFilter@1467fb11, com.studmisto.configuration.authorization.JwtTokenFilter@60e261c6, org.springframework.security.web.savedrequest.RequestCacheAwareFilter@7406fe83, org.springframework.security.web.servletapi.SecurityContextHolderAwareRequestFilter@2157b738, org.springframework.security.web.authentication.AnonymousAuthenticationFilter@6a9f8a7a, org.springframework.security.web.session.SessionManagementFilter@7fafdf81, org.springframework.security.web.access.ExceptionTranslationFilter@20f9ca55, org.springframework.security.web.access.intercept.FilterSecurityInterceptor@1e2317e7]
2021-02-09 10:40:52.336  INFO WIN-5TJ5N3V457G --- [  restartedMain] o.s.s.c.ThreadPoolTaskExecutor           : Initializing ExecutorService 'applicationTaskExecutor'
2021-02-09 10:40:52.597  INFO WIN-5TJ5N3V457G --- [  restartedMain] o.a.c.h.Http11NioProtocol                : Starting ProtocolHandler ["http-nio-9000"]
2021-02-09 10:40:52.665  INFO WIN-5TJ5N3V457G --- [  restartedMain] o.s.b.w.e.t.TomcatWebServer              : Tomcat started on port(s): 9000 (http) with context path ''
2021-02-09 10:40:52.669  INFO WIN-5TJ5N3V457G --- [  restartedMain] c.s.Application                          : Started Application in 5.611 seconds (JVM running for 7.409)
2021-02-09 10:41:07.664  INFO WIN-5TJ5N3V457G --- [nio-9000-exec-2] o.a.c.c.C.[.[.[/]                        : Initializing Spring DispatcherServlet 'dispatcherServlet'
2021-02-09 10:41:07.665  INFO WIN-5TJ5N3V457G --- [nio-9000-exec-2] o.s.w.s.DispatcherServlet                : Initializing Servlet 'dispatcherServlet'
2021-02-09 10:41:07.674  INFO WIN-5TJ5N3V457G --- [nio-9000-exec-2] o.s.w.s.DispatcherServlet                : Completed initialization in 9 ms
2021-02-09 10:41:07.812  INFO WIN-5TJ5N3V457G --- [nio-9000-exec-2] c.s.c.AboutController                    : Доданий елемент AboutItem з заголовком 123
